<?xml version="1.0" encoding="UTF-8"?>
<!-- Generated by org.testng.reporters.JUnitXMLReporter -->
<testsuite ignored="0" hostname="LAPTOP-4I1PL9LR" failures="1" tests="1" name="Test" time="11.921" errors="0" timestamp="07 Jan 2022 18:51:18 GMT">
  <testcase classname="pack1.WebTableTest" name="webTableToMap" time="11.216">
    <failure type="java.lang.IndexOutOfBoundsException" message="Index 1 out of bounds for length 1">
      <![CDATA[java.lang.IndexOutOfBoundsException: Index 1 out of bounds for length 1
at java.base/jdk.internal.util.Preconditions.outOfBounds(Preconditions.java:64)
at java.base/jdk.internal.util.Preconditions.outOfBoundsCheckIndex(Preconditions.java:70)
at java.base/jdk.internal.util.Preconditions.checkIndex(Preconditions.java:248)
at java.base/java.util.Objects.checkIndex(Objects.java:372)
at java.base/java.util.ArrayList.get(ArrayList.java:459)
at pack1.WebTableTest.webTableToMap(WebTableTest.java:89)
... Removed 25 stack frames]]>
    </failure>
  </testcase> <!-- webTableToMap -->
</testsuite> <!-- Test -->
