<?xml version="1.0" encoding="UTF-8"?>
<testng-results ignored="0" total="1" passed="1" failed="0" skipped="0">
  <reporter-output>
  </reporter-output>
  <suite started-at="2022-01-08T02:41:46Z" name="Default suite" finished-at="2022-01-08T02:42:02Z" duration-ms="15841">
    <groups>
    </groups>
    <test started-at="2022-01-08T02:41:46Z" name="Default test" finished-at="2022-01-08T02:42:02Z" duration-ms="15841">
      <class name="pack1.WebTableTest">
        <test-method signature="webTableToMap()[pri:0, instance:pack1.WebTableTest@4f6f416f]" started-at="2022-01-08T02:41:46Z" name="webTableToMap" finished-at="2022-01-08T02:42:01Z" duration-ms="15105" status="PASS">
          <reporter-output>
          </reporter-output>
        </test-method> <!-- webTableToMap -->
        <test-method is-config="true" signature="afterTest()[pri:0, instance:pack1.WebTableTest@4f6f416f]" started-at="2022-01-08T02:42:01Z" name="afterTest" finished-at="2022-01-08T02:42:02Z" duration-ms="713" status="PASS">
          <reporter-output>
          </reporter-output>
        </test-method> <!-- afterTest -->
      </class> <!-- pack1.WebTableTest -->
    </test> <!-- Default test -->
  </suite> <!-- Default suite -->
</testng-results>
